<?xml version="1.0" encoding="UTF-8"?>
<!-- Generated by org.testng.reporters.JUnitXMLReporter -->
<testsuite ignored="0" hostname="LAPTOP-CT4ADT5C" failures="0" tests="5" name="Default test" time="13.46" errors="0" timestamp="2024-11-24T10:31:23 IST">
  <testcase classname="TestClass.End2EndFlow" name="Navigate_To_Revenue_Calculator_Page" time="3.124"/>
  <testcase classname="TestClass.End2EndFlow" name="Scroll_Untill_Revenue_Calculator_Slider" time="0.082"/>
  <testcase classname="TestClass.End2EndFlow" name="Adjust_N_Validated_slider_to_value" time="0.571"/>
  <testcase classname="TestClass.End2EndFlow" name="Enter_N_Validated_value_TextBox" time="0.487"/>
  <testcase classname="TestClass.End2EndFlow" name="Select_CPT_Codes_N_Validate" time="9.119"/>
</testsuite> <!-- Default test -->
